2025-01-23 20:21:51,428 INFO  [restartedMain] com.tpe.SpringBootIntroApplication:Starting SpringBootIntroApplication using Java 17.0.13 on Leven-Martinov with PID 4588 (C:\Users\Admin\IdeaProjects\SpringBootIntro\target\classes started by Admin in C:\Users\Admin\IdeaProjects\SpringBootIntro)
2025-01-23 20:21:51,438 INFO  [restartedMain] com.tpe.SpringBootIntroApplication:No active profile set, falling back to default profiles: default
2025-01-23 20:21:51,521 INFO  [restartedMain] org.springframework.boot.devtools.env.DevToolsPropertyDefaultsPostProcessor:Devtools property defaults active! Set 'spring.devtools.add-properties' to 'false' to disable
2025-01-23 20:21:51,521 INFO  [restartedMain] org.springframework.boot.devtools.env.DevToolsPropertyDefaultsPostProcessor:For additional web related logging consider setting the 'logging.level.web' property to 'DEBUG'
2025-01-23 20:21:53,500 INFO  [restartedMain] org.springframework.data.repository.config.RepositoryConfigurationDelegate:Bootstrapping Spring Data JPA repositories in DEFAULT mode.
2025-01-23 20:21:53,567 INFO  [restartedMain] org.springframework.data.repository.config.RepositoryConfigurationDelegate:Finished Spring Data repository scanning in 55 ms. Found 1 JPA repository interfaces.
2025-01-23 20:21:54,669 INFO  [restartedMain] org.springframework.boot.web.embedded.tomcat.TomcatWebServer:Tomcat initialized with port(s): 8080 (http)
2025-01-23 20:21:54,685 INFO  [restartedMain] org.apache.catalina.core.StandardService:Starting service [Tomcat]
2025-01-23 20:21:54,686 INFO  [restartedMain] org.apache.catalina.core.StandardEngine:Starting Servlet engine: [Apache Tomcat/9.0.56]
2025-01-23 20:21:54,804 INFO  [restartedMain] org.apache.catalina.core.ContainerBase.[Tomcat].[localhost].[/]:Initializing Spring embedded WebApplicationContext
2025-01-23 20:21:54,804 INFO  [restartedMain] org.springframework.boot.web.servlet.context.ServletWebServerApplicationContext:Root WebApplicationContext: initialization completed in 3281 ms
2025-01-23 20:21:55,257 INFO  [restartedMain] org.hibernate.jpa.internal.util.LogHelper:HHH000204: Processing PersistenceUnitInfo [name: default]
2025-01-23 20:21:55,371 INFO  [restartedMain] org.hibernate.Version:HHH000412: Hibernate ORM core version 5.6.4.Final
2025-01-23 20:21:55,710 INFO  [restartedMain] org.hibernate.annotations.common.Version:HCANN000001: Hibernate Commons Annotations {5.1.2.Final}
2025-01-23 20:21:55,878 INFO  [restartedMain] com.zaxxer.hikari.HikariDataSource:HikariPool-1 - Starting...
2025-01-23 20:21:56,208 INFO  [restartedMain] com.zaxxer.hikari.HikariDataSource:HikariPool-1 - Start completed.
2025-01-23 20:21:56,239 INFO  [restartedMain] org.hibernate.dialect.Dialect:HHH000400: Using dialect: org.hibernate.dialect.PostgreSQL9Dialect
2025-01-23 20:21:57,337 INFO  [restartedMain] org.hibernate.engine.transaction.jta.platform.internal.JtaPlatformInitiator:HHH000490: Using JtaPlatform implementation: [org.hibernate.engine.transaction.jta.platform.internal.NoJtaPlatform]
2025-01-23 20:21:57,347 INFO  [restartedMain] org.springframework.orm.jpa.LocalContainerEntityManagerFactoryBean:Initialized JPA EntityManagerFactory for persistence unit 'default'
2025-01-23 20:21:58,082 WARN  [restartedMain] org.springframework.boot.autoconfigure.orm.jpa.JpaBaseConfiguration$JpaWebConfiguration:spring.jpa.open-in-view is enabled by default. Therefore, database queries may be performed during view rendering. Explicitly configure spring.jpa.open-in-view to disable this warning
2025-01-23 20:21:58,692 INFO  [restartedMain] org.springframework.boot.autoconfigure.security.servlet.UserDetailsServiceAutoConfiguration:

Using generated security password: ea0df747-ede2-4c0f-aea2-0cc98dc91b70

2025-01-23 20:21:58,885 INFO  [restartedMain] org.springframework.boot.actuate.endpoint.web.EndpointLinksResolver:Exposing 6 endpoint(s) beneath base path '/actuator'
2025-01-23 20:21:58,912 INFO  [restartedMain] org.springframework.security.web.DefaultSecurityFilterChain:Will secure any request with [org.springframework.security.web.context.request.async.WebAsyncManagerIntegrationFilter@5a5fd922, org.springframework.security.web.context.SecurityContextPersistenceFilter@65732018, org.springframework.security.web.header.HeaderWriterFilter@25de6ac0, org.springframework.web.filter.CorsFilter@3330b450, org.springframework.security.web.csrf.CsrfFilter@585ce1cf, org.springframework.security.web.authentication.logout.LogoutFilter@68589041, org.springframework.security.web.authentication.UsernamePasswordAuthenticationFilter@f761bbd, org.springframework.security.web.authentication.ui.DefaultLoginPageGeneratingFilter@73e94a85, org.springframework.security.web.authentication.ui.DefaultLogoutPageGeneratingFilter@3b6e5a06, org.springframework.security.web.authentication.www.BasicAuthenticationFilter@1e22ce8e, org.springframework.security.web.savedrequest.RequestCacheAwareFilter@427e19f4, org.springframework.security.web.servletapi.SecurityContextHolderAwareRequestFilter@1f28e600, org.springframework.security.web.authentication.AnonymousAuthenticationFilter@459b0475, org.springframework.security.web.session.SessionManagementFilter@5885d1e1, org.springframework.security.web.access.ExceptionTranslationFilter@67f8cf30, org.springframework.security.web.access.intercept.FilterSecurityInterceptor@2b4d6f45]
2025-01-23 20:21:59,029 INFO  [restartedMain] org.springframework.boot.devtools.autoconfigure.OptionalLiveReloadServer:LiveReload server is running on port 35729
2025-01-23 20:21:59,091 INFO  [restartedMain] org.springframework.boot.web.embedded.tomcat.TomcatWebServer:Tomcat started on port(s): 8080 (http) with context path ''
2025-01-23 20:21:59,120 INFO  [restartedMain] com.tpe.SpringBootIntroApplication:Started SpringBootIntroApplication in 8.632 seconds (JVM running for 9.534)
2025-01-23 20:22:09,787 INFO  [http-nio-8080-exec-1] org.apache.catalina.core.ContainerBase.[Tomcat].[localhost].[/]:Initializing Spring DispatcherServlet 'dispatcherServlet'
2025-01-23 20:24:48,108 INFO  [SpringApplicationShutdownHook] org.springframework.orm.jpa.LocalContainerEntityManagerFactoryBean:Closing JPA EntityManagerFactory for persistence unit 'default'
2025-01-23 20:24:48,112 INFO  [SpringApplicationShutdownHook] com.zaxxer.hikari.HikariDataSource:HikariPool-1 - Shutdown initiated...
2025-01-23 20:24:48,115 INFO  [SpringApplicationShutdownHook] com.zaxxer.hikari.HikariDataSource:HikariPool-1 - Shutdown completed.
2025-01-23 20:24:51,728 INFO  [restartedMain] com.tpe.SpringBootIntroApplication:Starting SpringBootIntroApplication using Java 17.0.13 on Leven-Martinov with PID 23292 (C:\Users\Admin\IdeaProjects\SpringBootIntro\target\classes started by Admin in C:\Users\Admin\IdeaProjects\SpringBootIntro)
2025-01-23 20:24:51,729 INFO  [restartedMain] com.tpe.SpringBootIntroApplication:No active profile set, falling back to default profiles: default
2025-01-23 20:24:51,807 INFO  [restartedMain] org.springframework.boot.devtools.env.DevToolsPropertyDefaultsPostProcessor:Devtools property defaults active! Set 'spring.devtools.add-properties' to 'false' to disable
2025-01-23 20:24:51,807 INFO  [restartedMain] org.springframework.boot.devtools.env.DevToolsPropertyDefaultsPostProcessor:For additional web related logging consider setting the 'logging.level.web' property to 'DEBUG'
2025-01-23 20:24:53,067 INFO  [restartedMain] org.springframework.data.repository.config.RepositoryConfigurationDelegate:Bootstrapping Spring Data JPA repositories in DEFAULT mode.
2025-01-23 20:24:53,129 INFO  [restartedMain] org.springframework.data.repository.config.RepositoryConfigurationDelegate:Finished Spring Data repository scanning in 50 ms. Found 1 JPA repository interfaces.
2025-01-23 20:24:54,233 INFO  [restartedMain] org.springframework.boot.web.embedded.tomcat.TomcatWebServer:Tomcat initialized with port(s): 8080 (http)
2025-01-23 20:24:54,250 INFO  [restartedMain] org.apache.catalina.core.StandardService:Starting service [Tomcat]
2025-01-23 20:24:54,251 INFO  [restartedMain] org.apache.catalina.core.StandardEngine:Starting Servlet engine: [Apache Tomcat/9.0.56]
2025-01-23 20:24:54,378 INFO  [restartedMain] org.apache.catalina.core.ContainerBase.[Tomcat].[localhost].[/]:Initializing Spring embedded WebApplicationContext
2025-01-23 20:24:54,379 INFO  [restartedMain] org.springframework.boot.web.servlet.context.ServletWebServerApplicationContext:Root WebApplicationContext: initialization completed in 2571 ms
2025-01-23 20:24:54,817 INFO  [restartedMain] org.hibernate.jpa.internal.util.LogHelper:HHH000204: Processing PersistenceUnitInfo [name: default]
2025-01-23 20:24:54,891 INFO  [restartedMain] org.hibernate.Version:HHH000412: Hibernate ORM core version 5.6.4.Final
2025-01-23 20:24:55,168 INFO  [restartedMain] org.hibernate.annotations.common.Version:HCANN000001: Hibernate Commons Annotations {5.1.2.Final}
2025-01-23 20:24:55,319 INFO  [restartedMain] com.zaxxer.hikari.HikariDataSource:HikariPool-1 - Starting...
2025-01-23 20:24:55,633 INFO  [restartedMain] com.zaxxer.hikari.HikariDataSource:HikariPool-1 - Start completed.
2025-01-23 20:24:55,660 INFO  [restartedMain] org.hibernate.dialect.Dialect:HHH000400: Using dialect: org.hibernate.dialect.PostgreSQL9Dialect
2025-01-23 20:24:56,797 INFO  [restartedMain] org.hibernate.engine.transaction.jta.platform.internal.JtaPlatformInitiator:HHH000490: Using JtaPlatform implementation: [org.hibernate.engine.transaction.jta.platform.internal.NoJtaPlatform]
2025-01-23 20:24:56,806 INFO  [restartedMain] org.springframework.orm.jpa.LocalContainerEntityManagerFactoryBean:Initialized JPA EntityManagerFactory for persistence unit 'default'
2025-01-23 20:24:57,511 WARN  [restartedMain] org.springframework.boot.autoconfigure.orm.jpa.JpaBaseConfiguration$JpaWebConfiguration:spring.jpa.open-in-view is enabled by default. Therefore, database queries may be performed during view rendering. Explicitly configure spring.jpa.open-in-view to disable this warning
2025-01-23 20:24:58,281 INFO  [restartedMain] org.springframework.boot.actuate.endpoint.web.EndpointLinksResolver:Exposing 6 endpoint(s) beneath base path '/actuator'
2025-01-23 20:24:58,301 INFO  [restartedMain] org.springframework.security.web.DefaultSecurityFilterChain:Will secure any request with [org.springframework.security.web.context.request.async.WebAsyncManagerIntegrationFilter@49fd478e, org.springframework.security.web.context.SecurityContextPersistenceFilter@3d806fcf, org.springframework.security.web.header.HeaderWriterFilter@788c97c0, org.springframework.web.filter.CorsFilter@253a9322, org.springframework.security.web.csrf.CsrfFilter@5b60573f, org.springframework.security.web.authentication.logout.LogoutFilter@44473820, org.springframework.security.web.authentication.UsernamePasswordAuthenticationFilter@62a8b7de, org.springframework.security.web.authentication.ui.DefaultLoginPageGeneratingFilter@2fe9fb0f, org.springframework.security.web.authentication.ui.DefaultLogoutPageGeneratingFilter@23b29afb, org.springframework.security.web.authentication.www.BasicAuthenticationFilter@2955eb7d, org.springframework.security.web.savedrequest.RequestCacheAwareFilter@356350c3, org.springframework.security.web.servletapi.SecurityContextHolderAwareRequestFilter@626fabe4, org.springframework.security.web.authentication.AnonymousAuthenticationFilter@76bce597, org.springframework.security.web.session.SessionManagementFilter@76fb133c, org.springframework.security.web.access.ExceptionTranslationFilter@6ac3d300, org.springframework.security.web.access.intercept.FilterSecurityInterceptor@47f8dff6]
2025-01-23 20:24:58,396 INFO  [restartedMain] org.springframework.boot.devtools.autoconfigure.OptionalLiveReloadServer:LiveReload server is running on port 35729
2025-01-23 20:24:58,455 INFO  [restartedMain] org.springframework.boot.web.embedded.tomcat.TomcatWebServer:Tomcat started on port(s): 8080 (http) with context path ''
2025-01-23 20:24:58,476 INFO  [restartedMain] com.tpe.SpringBootIntroApplication:Started SpringBootIntroApplication in 7.444 seconds (JVM running for 8.434)
2025-01-23 20:25:28,554 INFO  [http-nio-8080-exec-1] org.apache.catalina.core.ContainerBase.[Tomcat].[localhost].[/]:Initializing Spring DispatcherServlet 'dispatcherServlet'
2025-01-23 20:26:45,833 INFO  [SpringApplicationShutdownHook] org.springframework.orm.jpa.LocalContainerEntityManagerFactoryBean:Closing JPA EntityManagerFactory for persistence unit 'default'
2025-01-23 20:26:45,842 INFO  [SpringApplicationShutdownHook] com.zaxxer.hikari.HikariDataSource:HikariPool-1 - Shutdown initiated...
2025-01-23 20:26:45,847 INFO  [SpringApplicationShutdownHook] com.zaxxer.hikari.HikariDataSource:HikariPool-1 - Shutdown completed.
